0 info it worked if it ends with ok
1 verbose cli [ '/usr/bin/node', '/usr/bin/npm', 'install', '10.2.0' ]
2 info using npm@3.5.2
3 info using node@v8.10.0
4 silly loadCurrentTree Starting
5 silly install loadCurrentTree
6 silly install readLocalPackageData
7 silly fetchPackageMetaData 10.2.0
8 silly fetchNamedPackageData 10.2.0
9 silly mapToRegistry name 10.2.0
10 silly mapToRegistry using default registry
11 silly mapToRegistry registry https://registry.npmjs.org/
12 silly mapToRegistry uri https://registry.npmjs.org/10.2.0
13 verbose request uri https://registry.npmjs.org/10.2.0
14 verbose request no auth needed
15 info attempt registry request try #1 at 2:41:47 AM
16 verbose request id ee51f548501f288a
17 verbose etag W/"4fcf80f26a6b398d4d8ba6e34e0379fd"
18 verbose lastModified Sat, 26 May 2018 14:08:26 GMT
19 http request GET https://registry.npmjs.org/10.2.0
20 http 304 https://registry.npmjs.org/10.2.0
21 verbose headers { date: 'Wed, 08 Jul 2020 06:41:48 GMT',
21 verbose headers   connection: 'keep-alive',
21 verbose headers   'set-cookie':
21 verbose headers    [ '__cfduid=dec0efefc81a96f2bf0650679fa81e9b01594190508; expires=Fri, 07-Aug-20 06:41:48 GMT; path=/; domain=.npmjs.org; HttpOnly; SameSite=Lax' ],
21 verbose headers   'cf-ray': '5af7d2537fc2ac8e-JNB',
21 verbose headers   age: '46',
21 verbose headers   'cache-control': 'public, max-age=300',
21 verbose headers   etag: '"4fcf80f26a6b398d4d8ba6e34e0379fd"',
21 verbose headers   'last-modified': 'Sat, 26 May 2018 14:08:26 GMT',
21 verbose headers   vary: 'Accept-Encoding',
21 verbose headers   'cf-cache-status': 'HIT',
21 verbose headers   'cf-request-id': '03cec1c82b0000ac8eaf072200000001',
21 verbose headers   'expect-ct': 'max-age=604800, report-uri="https://report-uri.cloudflare.com/cdn-cgi/beacon/expect-ct"',
21 verbose headers   server: 'cloudflare' }
22 silly get cb [ 304,
22 silly get   { date: 'Wed, 08 Jul 2020 06:41:48 GMT',
22 silly get     connection: 'keep-alive',
22 silly get     'set-cookie':
22 silly get      [ '__cfduid=dec0efefc81a96f2bf0650679fa81e9b01594190508; expires=Fri, 07-Aug-20 06:41:48 GMT; path=/; domain=.npmjs.org; HttpOnly; SameSite=Lax' ],
22 silly get     'cf-ray': '5af7d2537fc2ac8e-JNB',
22 silly get     age: '46',
22 silly get     'cache-control': 'public, max-age=300',
22 silly get     etag: '"4fcf80f26a6b398d4d8ba6e34e0379fd"',
22 silly get     'last-modified': 'Sat, 26 May 2018 14:08:26 GMT',
22 silly get     vary: 'Accept-Encoding',
22 silly get     'cf-cache-status': 'HIT',
22 silly get     'cf-request-id': '03cec1c82b0000ac8eaf072200000001',
22 silly get     'expect-ct': 'max-age=604800, report-uri="https://report-uri.cloudflare.com/cdn-cgi/beacon/expect-ct"',
22 silly get     server: 'cloudflare' } ]
23 verbose etag https://registry.npmjs.org/10.2.0 from cache
24 verbose get saving 10.2.0 to /home/jennie/.npm/registry.npmjs.org/10.2.0/.cache.json
25 verbose stack TypeError: Cannot convert undefined or null to object
25 verbose stack     at Function.keys (<anonymous>)
25 verbose stack     at pickVersionFromRegistryDocument (/usr/share/npm/lib/fetch-package-metadata.js:121:29)
25 verbose stack     at /usr/share/npm/node_modules/iferr/index.js:13:50
25 verbose stack     at /usr/share/npm/lib/utils/pulse-till-done.js:19:8
25 verbose stack     at saved (/usr/share/npm/lib/cache/caching-client.js:168:7)
25 verbose stack     at /usr/share/npm/node_modules/graceful-fs/polyfills.js:210:7
25 verbose stack     at FSReqWrap.oncomplete (fs.js:135:15)
26 verbose cwd /home/jennie/backend/nodeapi
27 error Linux 4.15.0-20-generic
28 error argv "/usr/bin/node" "/usr/bin/npm" "install" "10.2.0"
29 error node v8.10.0
30 error npm  v3.5.2
31 error Cannot convert undefined or null to object
32 error If you need help, you may report this error at:
32 error     <https://github.com/npm/npm/issues>
33 verbose exit [ 1, true ]
